# JRE version: Java(TM) SE Runtime Environment (8.0_131-b11) (build 1.8.0_131-b11)
# Java VM: Java HotSpot(TM) 64-Bit Server VM (25.131-b11 mixed mode windows-amd64 compressed oops)
Heap:
 PSYoungGen      total 188928K, used 33031K [0x000000076ae00000, 0x0000000779780000, 0x00000007c0000000)
  eden space 175616K, 11% used [0x000000076ae00000,0x000000076c1e68b0,0x0000000775980000)
  from space 13312K, 95% used [0x0000000776800000,0x000000077745b4f8,0x0000000777500000)
  to   space 14848K, 0% used [0x0000000775980000,0x0000000775980000,0x0000000776800000)
 ParOldGen       total 103936K, used 10197K [0x00000006c0a00000, 0x00000006c6f80000, 0x000000076ae00000)
  object space 103936K, 9% used [0x00000006c0a00000,0x00000006c13f5548,0x00000006c6f80000)
 Metaspace       used 25647K, capacity 25972K, committed 26240K, reserved 1073152K
  class space    used 3250K, capacity 3349K, committed 3456K, reserved 1048576K
GC Heap History (10 events):
Event: 2.625 GC heap before
{Heap before GC invocations=3 (full 0):
 PSYoungGen      total 76288K, used 30266K [0x000000076ae00000, 0x0000000774300000, 0x00000007c0000000)
  eden space 65536K, 29% used [0x000000076ae00000,0x000000076c114aa8,0x000000076ee00000)
  from space 10752K, 99% used [0x000000076f880000,0x00000007702f9ef8,0x0000000770300000)
  to   space 10752K, 0% used [0x000000076ee00000,0x000000076ee00000,0x000000076f880000)
 ParOldGen       total 175104K, used 1707K [0x00000006c0a00000, 0x00000006cb500000, 0x000000076ae00000)
  object space 175104K, 0% used [0x00000006c0a00000,0x00000006c0baae98,0x00000006cb500000)
 Metaspace       used 20898K, capacity 21134K, committed 21248K, reserved 1067008K
  class space    used 2635K, capacity 2712K, committed 2816K, reserved 1048576K
Event: 2.634 GC heap after
Heap after GC invocations=3 (full 0):
 PSYoungGen      total 76288K, used 10412K [0x000000076ae00000, 0x0000000774300000, 0x00000007c0000000)
  eden space 65536K, 0% used [0x000000076ae00000,0x000000076ae00000,0x000000076ee00000)
  from space 10752K, 96% used [0x000000076ee00000,0x000000076f82b218,0x000000076f880000)
  to   space 10752K, 0% used [0x0000000773880000,0x0000000773880000,0x0000000774300000)
 ParOldGen       total 175104K, used 1715K [0x00000006c0a00000, 0x00000006cb500000, 0x000000076ae00000)
  object space 175104K, 0% used [0x00000006c0a00000,0x00000006c0bace98,0x00000006cb500000)
 Metaspace       used 20898K, capacity 21134K, committed 21248K, reserved 1067008K
  class space    used 2635K, capacity 2712K, committed 2816K, reserved 1048576K
}
Event: 2.634 GC heap before
{Heap before GC invocations=4 (full 1):
 PSYoungGen      total 76288K, used 10412K [0x000000076ae00000, 0x0000000774300000, 0x00000007c0000000)
  eden space 65536K, 0% used [0x000000076ae00000,0x000000076ae00000,0x000000076ee00000)
  from space 10752K, 96% used [0x000000076ee00000,0x000000076f82b218,0x000000076f880000)
  to   space 10752K, 0% used [0x0000000773880000,0x0000000773880000,0x0000000774300000)
 ParOldGen       total 175104K, used 1715K [0x00000006c0a00000, 0x00000006cb500000, 0x000000076ae00000)
  object space 175104K, 0% used [0x00000006c0a00000,0x00000006c0bace98,0x00000006cb500000)
 Metaspace       used 20898K, capacity 21134K, committed 21248K, reserved 1067008K
  class space    used 2635K, capacity 2712K, committed 2816K, reserved 1048576K
Event: 2.672 GC heap after
Heap after GC invocations=4 (full 1):
 PSYoungGen      total 76288K, used 0K [0x000000076ae00000, 0x0000000774300000, 0x00000007c0000000)
  eden space 65536K, 0% used [0x000000076ae00000,0x000000076ae00000,0x000000076ee00000)
  from space 10752K, 0% used [0x000000076ee00000,0x000000076ee00000,0x000000076f880000)
  to   space 10752K, 0% used [0x0000000773880000,0x0000000773880000,0x0000000774300000)
 ParOldGen       total 103936K, used 10181K [0x00000006c0a00000, 0x00000006c6f80000, 0x000000076ae00000)
  object space 103936K, 9% used [0x00000006c0a00000,0x00000006c13f1548,0x00000006c6f80000)
 Metaspace       used 20898K, capacity 21134K, committed 21248K, reserved 1067008K
  class space    used 2635K, capacity 2712K, committed 2816K, reserved 1048576K
}
Event: 3.122 GC heap before
{Heap before GC invocations=5 (full 1):
 PSYoungGen      total 76288K, used 65536K [0x000000076ae00000, 0x0000000774300000, 0x00000007c0000000)
  eden space 65536K, 100% used [0x000000076ae00000,0x000000076ee00000,0x000000076ee00000)
  from space 10752K, 0% used [0x000000076ee00000,0x000000076ee00000,0x000000076f880000)
  to   space 10752K, 0% used [0x0000000773880000,0x0000000773880000,0x0000000774300000)
 ParOldGen       total 103936K, used 10181K [0x00000006c0a00000, 0x00000006c6f80000, 0x000000076ae00000)
  object space 103936K, 9% used [0x00000006c0a00000,0x00000006c13f1548,0x00000006c6f80000)
 Metaspace       used 22510K, capacity 22854K, committed 22912K, reserved 1069056K
  class space    used 2812K, capacity 2920K, committed 2944K, reserved 1048576K
Event: 3.139 GC heap after
Heap after GC invocations=5 (full 1):
 PSYoungGen      total 111616K, used 3591K [0x000000076ae00000, 0x0000000773c80000, 0x00000007c0000000)
  eden space 107520K, 0% used [0x000000076ae00000,0x000000076ae00000,0x0000000771700000)
  from space 4096K, 87% used [0x0000000773880000,0x0000000773c01f68,0x0000000773c80000)
  to   space 10752K, 0% used [0x0000000772780000,0x0000000772780000,0x0000000773200000)
 ParOldGen       total 103936K, used 10189K [0x00000006c0a00000, 0x00000006c6f80000, 0x000000076ae00000)
  object space 103936K, 9% used [0x00000006c0a00000,0x00000006c13f3548,0x00000006c6f80000)
 Metaspace       used 22510K, capacity 22854K, committed 22912K, reserved 1069056K
  class space    used 2812K, capacity 2920K, committed 2944K, reserved 1048576K
}
Event: 4.024 GC heap before
{Heap before GC invocations=6 (full 1):
 PSYoungGen      total 111616K, used 111111K [0x000000076ae00000, 0x0000000773c80000, 0x00000007c0000000)
  eden space 107520K, 100% used [0x000000076ae00000,0x0000000771700000,0x0000000771700000)
  from space 4096K, 87% used [0x0000000773880000,0x0000000773c01f68,0x0000000773c80000)
  to   space 10752K, 0% used [0x0000000772780000,0x0000000772780000,0x0000000773200000)
 ParOldGen       total 103936K, used 10189K [0x00000006c0a00000, 0x00000006c6f80000, 0x000000076ae00000)
  object space 103936K, 9% used [0x00000006c0a00000,0x00000006c13f3548,0x00000006c6f80000)
 Metaspace       used 23643K, capacity 23966K, committed 24064K, reserved 1071104K
  class space    used 2944K, capacity 3052K, committed 3072K, reserved 1048576K
Event: 4.051 GC heap after
Heap after GC invocations=6 (full 1):
 PSYoungGen      total 135168K, used 8182K [0x000000076ae00000, 0x0000000777500000, 0x00000007c0000000)
  eden space 124416K, 0% used [0x000000076ae00000,0x000000076ae00000,0x0000000772780000)
  from space 10752K, 76% used [0x0000000772780000,0x0000000772f7da50,0x0000000773200000)
  to   space 13312K, 0% used [0x0000000776800000,0x0000000776800000,0x0000000777500000)
 ParOldGen       total 103936K, used 10189K [0x00000006c0a00000, 0x00000006c6f80000, 0x000000076ae00000)
  object space 103936K, 9% used [0x00000006c0a00000,0x00000006c13f3548,0x00000006c6f80000)
 Metaspace       used 23643K, capacity 23966K, committed 24064K, reserved 1071104K
  class space    used 2944K, capacity 3052K, committed 3072K, reserved 1048576K
}
Event: 5.283 GC heap before
{Heap before GC invocations=7 (full 1):
 PSYoungGen      total 135168K, used 132598K [0x000000076ae00000, 0x0000000777500000, 0x00000007c0000000)
  eden space 124416K, 100% used [0x000000076ae00000,0x0000000772780000,0x0000000772780000)
  from space 10752K, 76% used [0x0000000772780000,0x0000000772f7da50,0x0000000773200000)
  to   space 13312K, 0% used [0x0000000776800000,0x0000000776800000,0x0000000777500000)
 ParOldGen       total 103936K, used 10189K [0x00000006c0a00000, 0x00000006c6f80000, 0x000000076ae00000)
  object space 103936K, 9% used [0x00000006c0a00000,0x00000006c13f3548,0x00000006c6f80000)
 Metaspace       used 25492K, capacity 25844K, committed 25984K, reserved 1071104K
  class space    used 3232K, capacity 3349K, committed 3456K, reserved 1048576K
Event: 5.341 GC heap after
Heap after GC invocations=7 (full 1):
 PSYoungGen      total 188928K, used 12653K [0x000000076ae00000, 0x0000000779780000, 0x00000007c0000000)
  eden space 175616K, 0% used [0x000000076ae00000,0x000000076ae00000,0x0000000775980000)
  from space 13312K, 95% used [0x0000000776800000,0x000000077745b4f8,0x0000000777500000)
  to   space 14848K, 0% used [0x0000000775980000,0x0000000775980000,0x0000000776800000)
 ParOldGen       total 103936K, used 10197K [0x00000006c0a00000, 0x00000006c6f80000, 0x000000076ae00000)
  object space 103936K, 9% used [0x00000006c0a00000,0x00000006c13f5548,0x00000006c6f80000)
 Metaspace       used 25492K, capacity 25844K, committed 25984K, reserved 1071104K
  class space    used 3232K, capacity 3349K, committed 3456K, reserved 1048576K
}

